[2018-02-16 14:42:21.789653] INFO Started processing of >Request 84<
[2018-02-16 14:42:28.285653] INFO Started processing of >Request 85<
[2018-02-16 14:42:35.473653] INFO Started processing of >Request 86<
[2018-02-16 14:43:04.554653] INFO Started processing of >Request 87<
[2018-02-16 14:43:22.668653] INFO Started processing of >Request 88<
[2018-02-16 14:43:28.656653] INFO Finished processing of >Request 86<
[2018-02-16 14:43:44.883653] INFO Started processing of >Request 89<
[2018-02-16 14:44:00.628653] INFO Finished processing of >Request 87<
[2018-02-16 14:44:05.960653] INFO Started processing of >Request 90<
[2018-02-16 14:44:15.159653] INFO Started processing of >Request 91<
[2018-02-16 14:44:41.573653] INFO Started processing of >Request 92<
[2018-02-16 14:45:02.604653] INFO Started processing of >Request 93<
[2018-02-16 14:45:22.615653] INFO Started processing of >Request 94<
[2018-02-16 14:45:43.099653] INFO Finished processing of >Request 85<
[2018-02-16 14:45:47.756653] INFO Started processing of >Request 95<
[2018-02-16 14:45:55.782653] INFO Started processing of >Request 96<
[2018-02-16 14:46:08.194653] INFO Started processing of >Request 97<
[2018-02-16 14:46:12.637653] INFO Started processing of >Request 98<
[2018-02-16 14:46:12.905653] ERROR Item not found for >Request 90<
[2018-02-16 14:46:13.105653] INFO Finished processing of >Request 90<
[2018-02-16 14:46:27.765653] INFO Started processing of >Request 99<
[2018-02-16 14:46:34.368653] ERROR I/O Error for >Request 97<
[2018-02-16 14:46:34.568653] INFO Finished processing of >Request 97<
[2018-02-16 14:46:36.776653] ERROR Item not found for >Request 96<
[2018-02-16 14:46:36.976653] INFO Finished processing of >Request 96<
[2018-02-16 14:46:54.975653] INFO Started processing of >Request 100<
[2018-02-16 14:47:06.034653] INFO Finished processing of >Request 89<
[2018-02-16 14:47:10.508653] INFO Finished processing of >Request 88<
[2018-02-16 14:47:13.076653] INFO Started processing of >Request 101<
[2018-02-16 14:47:39.255653] INFO Started processing of >Request 102<
[2018-02-16 14:47:39.594653] INFO Finished processing of >Request 92<
[2018-02-16 14:47:50.391653] INFO Finished processing of >Request 93<
[2018-02-16 14:47:53.430653] INFO Started processing of >Request 103<
[2018-02-16 14:48:09.446653] INFO Started processing of >Request 104<
[2018-02-16 14:48:12.333653] INFO Finished processing of >Request 84<
[2018-02-16 14:48:20.772653] INFO Finished processing of >Request 102<
[2018-02-16 14:48:34.845653] INFO Started processing of >Request 105<
[2018-02-16 14:48:40.177653] ERROR All server slots busy for >Request 91<
[2018-02-16 14:48:40.377653] INFO Finished processing of >Request 91<
[2018-02-16 14:48:46.008653] ERROR Incorrect arguments for >Request 95<
[2018-02-16 14:48:46.201653] ERROR Item not found for >Request 103<
[2018-02-16 14:48:46.208653] INFO Finished processing of >Request 95<
[2018-02-16 14:48:58.038653] INFO Started processing of >Request 106<
[2018-02-16 14:49:04.459653] INFO Started processing of >Request 107<
[2018-02-16 14:49:07.497653] ERROR Item not found for >Request 104<
[2018-02-16 14:49:07.697653] INFO Finished processing of >Request 104<
[2018-02-16 14:49:12.535653] INFO Started processing of >Request 108<
[2018-02-16 14:49:33.731653] INFO Started processing of >Request 109<
[2018-02-16 14:49:41.015653] INFO Finished processing of >Request 100<
[2018-02-16 14:49:41.856653] INFO Started processing of >Request 110<
[2018-02-16 14:50:05.531653] INFO Finished processing of >Request 98<
[2018-02-16 14:50:12.168653] INFO Started processing of >Request 111<
[2018-02-16 14:50:17.798653] INFO Finished processing of >Request 107<
[2018-02-16 14:50:37.197653] INFO Started processing of >Request 112<
[2018-02-16 14:50:40.701653] INFO Finished processing of >Request 109<
[2018-02-16 14:50:43.545653] INFO Finished processing of >Request 94<
[2018-02-16 14:50:44.250653] INFO Finished processing of >Request 105<
[2018-02-16 14:50:52.927653] ERROR Calculation failed for >Request 111<
[2018-02-16 14:50:53.127653] INFO Finished processing of >Request 111<
[2018-02-16 14:51:00.472653] INFO Started processing of >Request 113<
[2018-02-16 14:51:06.965653] INFO Started processing of >Request 114<
[2018-02-16 14:51:16.679653] INFO Finished processing of >Request 99<
[2018-02-16 14:51:30.454653] INFO Started processing of >Request 115<
[2018-02-16 14:51:52.934653] INFO Started processing of >Request 116<
[2018-02-16 14:51:58.372653] ERROR Incorrect arguments for >Request 101<
[2018-02-16 14:51:58.572653] INFO Finished processing of >Request 101<
[2018-02-16 14:52:09.082653] INFO Started processing of >Request 117<
[2018-02-16 14:52:31.174653] INFO Started processing of >Request 118<
[2018-02-16 14:52:38.568653] INFO Finished processing of >Request 110<
[2018-02-16 14:52:52.230653] INFO Started processing of >Request 119<
[2018-02-16 14:53:00.506653] INFO Started processing of >Request 120<
[2018-02-16 14:53:04.682653] ERROR Incorrect arguments for >Request 117<
[2018-02-16 14:53:04.882653] INFO Finished processing of >Request 117<
[2018-02-16 14:53:27.642653] INFO Started processing of >Request 121<
[2018-02-16 14:53:42.674653] INFO Started processing of >Request 122<
[2018-02-16 14:53:49.757653] INFO Started processing of >Request 123<
[2018-02-16 14:54:09.439653] INFO Finished processing of >Request 121<
[2018-02-16 14:54:15.489653] INFO Finished processing of >Request 106<
[2018-02-16 14:54:16.658653] INFO Finished processing of >Request 120<
[2018-02-16 14:54:18.105653] INFO Started processing of >Request 124<
[2018-02-16 14:54:43.268653] INFO Started processing of >Request 125<
[2018-02-16 14:55:11.344653] INFO Started processing of >Request 126<
[2018-02-16 14:55:17.526653] INFO Finished processing of >Request 116<
[2018-02-16 14:55:41.441653] INFO Started processing of >Request 127<
[2018-02-16 14:56:00.774653] INFO Started processing of >Request 128<
[2018-02-16 14:56:06.382653] INFO Finished processing of >Request 118<
[2018-02-16 14:56:13.998653] INFO Finished processing of >Request 113<
[2018-02-16 14:56:14.995653] INFO Finished processing of >Request 112<
[2018-02-16 14:56:28.914653] INFO Started processing of >Request 129<
[2018-02-16 14:56:44.289653] INFO Started processing of >Request 130<
[2018-02-16 14:56:51.545653] INFO Started processing of >Request 131<
[2018-02-16 14:56:52.300653] INFO Finished processing of >Request 125<
[2018-02-16 14:57:09.714653] INFO Started processing of >Request 132<
[2018-02-16 14:57:16.938653] INFO Started processing of >Request 133<
[2018-02-16 14:57:22.765653] ERROR Incorrect arguments for >Request 130<
[2018-02-16 14:57:22.965653] INFO Finished processing of >Request 130<
[2018-02-16 14:57:24.790653] INFO Finished processing of >Request 122<
[2018-02-16 14:57:45.244653] INFO Started processing of >Request 134<
[2018-02-16 14:58:06.844653] INFO Finished processing of >Request 119<
[2018-02-16 14:58:07.258653] INFO Started processing of >Request 135<
[2018-02-16 14:58:16.436653] INFO Started processing of >Request 136<
[2018-02-16 14:58:24.596653] INFO Finished processing of >Request 133<
[2018-02-16 14:58:39.840653] INFO Started processing of >Request 137<
[2018-02-16 14:58:57.273653] INFO Started processing of >Request 138<
[2018-02-16 14:58:58.797653] INFO Finished processing of >Request 123<
[2018-02-16 14:59:16.859653] INFO Finished processing of >Request 126<
[2018-02-16 14:59:20.302653] INFO Started processing of >Request 139<
[2018-02-16 14:59:20.321653] INFO Finished processing of >Request 135<
[2018-02-16 14:59:33.697653] INFO Finished processing of >Request 127<
[2018-02-16 14:59:35.454653] ERROR Incorrect arguments for >Request 137<
[2018-02-16 14:59:35.654653] INFO Finished processing of >Request 137<
[2018-02-16 14:59:38.798653] INFO Started processing of >Request 140<
[2018-02-16 14:59:52.672653] ERROR All server slots busy for >Request 124<
[2018-02-16 14:59:52.872653] INFO Finished processing of >Request 124<
[2018-02-16 15:00:01.975653] INFO Started processing of >Request 141<
[2018-02-16 15:00:24.334653] INFO Started processing of >Request 142<
[2018-02-16 15:00:28.763653] INFO Started processing of >Request 143<
[2018-02-16 15:00:42.982653] INFO Started processing of >Request 144<
[2018-02-16 15:00:46.285653] INFO Finished processing of >Request 129<
[2018-02-16 15:00:50.016653] INFO Finished processing of >Request 134<
[2018-02-16 15:00:52.211653] INFO Started processing of >Request 145<
[2018-02-16 15:01:07.658653] INFO Started processing of >Request 146<
[2018-02-16 15:01:08.960653] INFO Finished processing of >Request 139<
[2018-02-16 15:01:27.133653] INFO Started processing of >Request 147<
[2018-02-16 15:01:31.508653] INFO Started processing of >Request 148<
[2018-02-16 15:01:39.878653] INFO Started processing of >Request 149<
[2018-02-16 15:01:55.600653] INFO Finished processing of >Request 128<
[2018-02-16 15:01:59.043653] INFO Finished processing of >Request 136<
[2018-02-16 15:02:02.745653] INFO Finished processing of >Request 138<
[2018-02-16 15:02:03.218653] INFO Started processing of >Request 150<
[2018-02-16 15:02:07.701653] INFO Started processing of >Request 151<
[2018-02-16 15:02:08.794653] ERROR Item not found for >Request 131<
[2018-02-16 15:02:08.994653] INFO Finished processing of >Request 131<
[2018-02-16 15:02:28.027653] INFO Started processing of >Request 152<
[2018-02-16 15:02:47.393653] INFO Started processing of >Request 153<
[2018-02-16 15:02:49.307653] INFO Finished processing of >Request 132<
[2018-02-16 15:02:51.737653] INFO Started processing of >Request 154<
[2018-02-16 15:02:55.965653] INFO Finished processing of >Request 142<
[2018-02-16 15:02:59.129653] INFO Started processing of >Request 155<
[2018-02-16 15:02:59.443653] INFO Finished processing of >Request 148<
[2018-02-16 15:03:00.523653] INFO Finished processing of >Request 146<
[2018-02-16 15:03:03.201653] INFO Started processing of >Request 156<
[2018-02-16 15:03:07.384653] INFO Started processing of >Request 157<
[2018-02-16 15:03:17.084653] INFO Finished processing of >Request 153<
[2018-02-16 15:03:23.629653] INFO Started processing of >Request 158<
[2018-02-16 15:03:24.971653] INFO Finished processing of >Request 145<
[2018-02-16 15:03:25.065653] INFO Finished processing of >Request 147<
[2018-02-16 15:03:28.894653] INFO Started processing of >Request 159<
[2018-02-16 15:03:31.289653] INFO Started processing of >Request 160<
[2018-02-16 15:03:45.517653] INFO Started processing of >Request 161<
[2018-02-16 15:03:49.674653] INFO Started processing of >Request 162<
[2018-02-16 15:03:54.001653] INFO Finished processing of >Request 143<
[2018-02-16 15:04:08.706653] INFO Started processing of >Request 163<
[2018-02-16 15:04:11.096653] INFO Started processing of >Request 164<
[2018-02-16 15:04:23.366653] INFO Started processing of >Request 165<
[2018-02-16 15:04:27.653653] INFO Started processing of >Request 166<
[2018-02-16 15:04:42.705653] INFO Started processing of >Request 167<
[2018-02-16 15:04:47.148653] INFO Started processing of >Request 168<
[2018-02-16 15:04:52.932653] INFO Finished processing of >Request 140<
[2018-02-16 15:05:02.181653] INFO Finished processing of >Request 141<
[2018-02-16 15:05:16.574653] INFO Finished processing of >Request 151<
[2018-02-16 15:05:17.316653] INFO Started processing of >Request 169<
[2018-02-16 15:05:21.067653] INFO Finished processing of >Request 161<
[2018-02-16 15:05:37.957653] ERROR Incorrect arguments for >Request 166<
[2018-02-16 15:05:38.157653] INFO Finished processing of >Request 166<
[2018-02-16 15:05:45.445653] INFO Started processing of >Request 170<
[2018-02-16 15:05:55.457653] INFO Finished processing of >Request 149<
[2018-02-16 15:06:02.907653] INFO Started processing of >Request 171<
[2018-02-16 15:06:23.325653] INFO Finished processing of >Request 165<
[2018-02-16 15:06:25.557653] ERROR Incorrect arguments for >Request 144<
[2018-02-16 15:06:25.757653] INFO Finished processing of >Request 144<
[2018-02-16 15:06:27.324653] INFO Started processing of >Request 172<
[2018-02-16 15:06:34.909653] ERROR I/O Error for >Request 154<
[2018-02-16 15:06:35.109653] INFO Finished processing of >Request 154<
[2018-02-16 15:06:36.518653] INFO Finished processing of >Request 156<
[2018-02-16 15:06:50.554653] INFO Started processing of >Request 173<
[2018-02-16 15:06:54.956653] INFO Finished processing of >Request 160<
[2018-02-16 15:06:59.299653] INFO Finished processing of >Request 167<
[2018-02-16 15:07:04.816653] INFO Started processing of >Request 174<
[2018-02-16 15:07:13.644653] INFO Finished processing of >Request 158<
[2018-02-16 15:07:19.824653] INFO Started processing of >Request 175<
[2018-02-16 15:07:25.207653] INFO Started processing of >Request 176<
[2018-02-16 15:07:27.952653] INFO Finished processing of >Request 152<
[2018-02-16 15:07:42.580653] INFO Started processing of >Request 177<
[2018-02-16 15:07:45.582653] INFO Finished processing of >Request 157<
[2018-02-16 15:08:03.983653] INFO Started processing of >Request 178<
[2018-02-16 15:08:07.650653] INFO Finished processing of >Request 162<
[2018-02-16 15:08:11.198653] INFO Started processing of >Request 179<
[2018-02-16 15:08:30.025653] INFO Finished processing of >Request 159<
[2018-02-16 15:08:41.693653] INFO Started processing of >Request 180<
[2018-02-16 15:08:47.220653] INFO Finished processing of >Request 169<
[2018-02-16 15:08:48.881653] INFO Finished processing of >Request 155<
[2018-02-16 15:08:55.660653] ERROR I/O Error for >Request 170<
[2018-02-16 15:08:55.758653] INFO Finished processing of >Request 177<
[2018-02-16 15:08:55.860653] INFO Finished processing of >Request 170<
[2018-02-16 15:09:11.920653] INFO Started processing of >Request 181<
[2018-02-16 15:09:14.292653] INFO Finished processing of >Request 163<
[2018-02-16 15:09:31.117653] INFO Started processing of >Request 182<
[2018-02-16 15:09:54.254653] INFO Started processing of >Request 183<
[2018-02-16 15:10:02.162653] INFO Finished processing of >Request 180<
[2018-02-16 15:10:04.741653] INFO Finished processing of >Request 171<
[2018-02-16 15:10:14.245653] INFO Finished processing of >Request 176<
[2018-02-16 15:10:14.275653] INFO Finished processing of >Request 181<
[2018-02-16 15:10:22.332653] INFO Started processing of >Request 184<
[2018-02-16 15:10:24.451653] INFO Started processing of >Request 185<
[2018-02-16 15:10:27.731653] INFO Started processing of >Request 186<
[2018-02-16 15:10:36.021653] INFO Started processing of >Request 187<
[2018-02-16 15:10:39.442653] INFO Finished processing of >Request 168<
[2018-02-16 15:10:41.709653] ERROR Calculation failed for >Request 183<
[2018-02-16 15:10:41.909653] INFO Finished processing of >Request 183<
[2018-02-16 15:10:42.548653] INFO Finished processing of >Request 182<
[2018-02-16 15:10:45.554653] ERROR All server slots busy for >Request 174<
[2018-02-16 15:10:45.754653] INFO Finished processing of >Request 174<
[2018-02-16 15:10:54.521653] INFO Started processing of >Request 188<
[2018-02-16 15:10:55.774653] INFO Finished processing of >Request 175<
[2018-02-16 15:11:01.535653] INFO Started processing of >Request 189<
[2018-02-16 15:11:13.688653] INFO Started processing of >Request 190<
[2018-02-16 15:11:19.014653] INFO Started processing of >Request 191<
[2018-02-16 15:11:20.392653] ERROR Unknown exception for >Request 178<
[2018-02-16 15:11:20.592653] INFO Finished processing of >Request 178<
[2018-02-16 15:11:22.406653] INFO Started processing of >Request 192<
[2018-02-16 15:11:35.555653] INFO Finished processing of >Request 173<
[2018-02-16 15:11:41.422653] INFO Started processing of >Request 193<
[2018-02-16 15:11:50.634653] INFO Finished processing of >Request 188<
[2018-02-16 15:11:51.809653] INFO Started processing of >Request 194<
[2018-02-16 15:12:04.829653] INFO Started processing of >Request 195<
[2018-02-16 15:12:06.482653] ERROR All server slots busy for >Request 185<
[2018-02-16 15:12:06.682653] INFO Finished processing of >Request 185<
[2018-02-16 15:12:06.741653] INFO Finished processing of >Request 172<
[2018-02-16 15:12:23.504653] INFO Finished processing of >Request 189<
[2018-02-16 15:12:26.727653] INFO Finished processing of >Request 184<
[2018-02-16 15:12:33.113653] INFO Started processing of >Request 196<
[2018-02-16 15:12:55.573653] INFO Started processing of >Request 197<
[2018-02-16 15:12:57.497653] INFO Finished processing of >Request 179<
[2018-02-16 15:13:18.621653] INFO Started processing of >Request 198<
[2018-02-16 15:13:41.997653] INFO Finished processing of >Request 190<
[2018-02-16 15:13:47.789653] INFO Started processing of >Request 199<
[2018-02-16 15:14:01.468653] INFO Finished processing of >Request 191<
[2018-02-16 15:14:10.926653] INFO Started processing of >Request 200<
[2018-02-16 15:14:23.314653] INFO Started processing of >Request 201<
[2018-02-16 15:14:25.396653] INFO Started processing of >Request 202<
[2018-02-16 15:14:32.536653] INFO Started processing of >Request 203<
[2018-02-16 15:14:41.142653] INFO Finished processing of >Request 198<
[2018-02-16 15:14:50.559653] INFO Started processing of >Request 204<
[2018-02-16 15:14:59.302653] INFO Finished processing of >Request 197<
[2018-02-16 15:15:07.395653] INFO Finished processing of >Request 187<
[2018-02-16 15:15:17.951653] INFO Started processing of >Request 205<
[2018-02-16 15:15:22.949653] INFO Finished processing of >Request 193<
[2018-02-16 15:15:37.508653] INFO Finished processing of >Request 199<
[2018-02-16 15:15:41.362653] INFO Started processing of >Request 206<
[2018-02-16 15:15:45.131653] INFO Finished processing of >Request 196<
[2018-02-16 15:15:53.842653] INFO Started processing of >Request 207<
[2018-02-16 15:16:22.683653] INFO Finished processing of >Request 205<
[2018-02-16 15:16:23.061653] INFO Started processing of >Request 208<
[2018-02-16 15:16:23.676653] ERROR Incorrect arguments for >Request 194<
[2018-02-16 15:16:23.876653] INFO Finished processing of >Request 194<
[2018-02-16 15:16:24.898653] INFO Finished processing of >Request 186<
[2018-02-16 15:16:27.330653] INFO Finished processing of >Request 201<
[2018-02-16 15:16:35.144653] INFO Started processing of >Request 209<
[2018-02-16 15:16:39.376653] INFO Started processing of >Request 210<
[2018-02-16 15:16:44.794653] INFO Finished processing of >Request 195<
[2018-02-16 15:16:46.156653] INFO Finished processing of >Request 204<
[2018-02-16 15:16:46.306653] INFO Finished processing of >Request 192<
[2018-02-16 15:16:47.099653] INFO Finished processing of >Request 203<
[2018-02-16 15:18:59.940653] INFO Finished processing of >Request 206<
[2018-02-16 15:19:53.144653] INFO Finished processing of >Request 200<
[2018-02-16 15:21:00.422653] INFO Finished processing of >Request 210<
[2018-02-16 15:21:33.160653] INFO Finished processing of >Request 208<
[2018-02-16 15:22:32.176653] ERROR Incorrect arguments for >Request 209<
[2018-02-16 15:22:32.376653] INFO Finished processing of >Request 209<
